Traceback (most recent call last):
  File "/home/Aboya_25R9803/projects/perso/LLMium/projects/99-Special-Challenge/994-Two-Way-Energy-Info-Flow/topic2-packet-loss-jitter-resilience/scripts/run_arch_ablation.py", line 273, in <module>
    main()
    ~~~~^^
  File "/home/Aboya_25R9803/projects/perso/LLMium/projects/99-Special-Challenge/994-Two-Way-Energy-Info-Flow/topic2-packet-loss-jitter-resilience/scripts/run_arch_ablation.py", line 265, in main
    for (abl, case), vals in sorted(grouped.keys()):
        ^^^^^^^^^^^
ValueError: too many values to unpack (expected 2)

ERROR conda.cli.main_run:execute(127): `conda run python scripts/run_arch_ablation.py --cases 1354 --seeds 0 1 2 3 4 --epochs 100 --output results/ablation/arch_abl_1354.json` failed. (See above for error)
Note: torch_geometric not available. Using fallback GNN implementation.
Device: cuda
GPU: NVIDIA GeForce RTX 3090

[1/25] Case=1354 Abl=A-full Seed=0 (01:39:37)
  rho=0.0517±0.0017 stab=100.0%

[2/25] Case=1354 Abl=A-full Seed=1 (01:42:16)
  rho=0.0521±0.0016 stab=100.0%

[3/25] Case=1354 Abl=A-full Seed=2 (01:44:42)
  rho=0.0522±0.0020 stab=100.0%

[4/25] Case=1354 Abl=A-full Seed=3 (01:46:58)
  rho=0.0521±0.0018 stab=100.0%

[5/25] Case=1354 Abl=A-full Seed=4 (01:49:02)
  rho=0.0517±0.0019 stab=100.0%

[6/25] Case=1354 Abl=A-no-phys Seed=0 (01:50:46)
  rho=0.0517±0.0017 stab=100.0%

[7/25] Case=1354 Abl=A-no-phys Seed=1 (01:52:29)
  rho=0.0521±0.0016 stab=100.0%

[8/25] Case=1354 Abl=A-no-phys Seed=2 (01:54:15)
  rho=0.0522±0.0020 stab=100.0%

[9/25] Case=1354 Abl=A-no-phys Seed=3 (01:56:00)
  rho=0.0521±0.0018 stab=100.0%

[10/25] Case=1354 Abl=A-no-phys Seed=4 (01:57:48)
  rho=0.0517±0.0019 stab=100.0%

[11/25] Case=1354 Abl=A-no-causal Seed=0 (01:59:33)
  rho=0.0517±0.0017 stab=100.0%

[12/25] Case=1354 Abl=A-no-causal Seed=1 (02:01:19)
  rho=0.0521±0.0016 stab=100.0%

[13/25] Case=1354 Abl=A-no-causal Seed=2 (02:03:05)
  rho=0.0522±0.0020 stab=100.0%

[14/25] Case=1354 Abl=A-no-causal Seed=3 (02:04:48)
  rho=0.0521±0.0018 stab=100.0%

[15/25] Case=1354 Abl=A-no-causal Seed=4 (02:06:30)
  rho=0.0517±0.0019 stab=100.0%

[16/25] Case=1354 Abl=A-no-cross Seed=0 (02:08:07)
  rho=0.0517±0.0017 stab=100.0%

[17/25] Case=1354 Abl=A-no-cross Seed=1 (02:09:40)
  rho=0.0521±0.0016 stab=100.0%

[18/25] Case=1354 Abl=A-no-cross Seed=2 (02:11:15)
  rho=0.0522±0.0020 stab=100.0%

[19/25] Case=1354 Abl=A-no-cross Seed=3 (02:12:48)
  rho=0.0521±0.0018 stab=100.0%

[20/25] Case=1354 Abl=A-no-cross Seed=4 (02:14:22)
  rho=0.0517±0.0019 stab=100.0%

[21/25] Case=1354 Abl=A-none Seed=0 (02:15:57)
  rho=0.0517±0.0017 stab=100.0%

[22/25] Case=1354 Abl=A-none Seed=1 (02:17:32)
  rho=0.0521±0.0016 stab=100.0%

[23/25] Case=1354 Abl=A-none Seed=2 (02:19:04)
  rho=0.0522±0.0020 stab=100.0%

[24/25] Case=1354 Abl=A-none Seed=3 (02:20:36)
  rho=0.0521±0.0018 stab=100.0%

[25/25] Case=1354 Abl=A-none Seed=4 (02:22:08)
  rho=0.0517±0.0019 stab=100.0%

======================================================================
Ablation           Case   rho_mean   rho_std   Stab%
======================================================================

