Note: torch_geometric not available. Using fallback GNN implementation.
Device: cuda
GPU: NVIDIA GeForce RTX 3090

[1/5] Case=118 Seed=0 (01:39:37)
  Training (140,488 params)...
  Evaluating p=0.05...
    iid rho=0.0395, ΔR=0.0033
    GE  rho=0.0394, ΔR=0.0034
    Run length: geom_pred=0.05 GE_obs=1.07 ratio=20.25x
    ΔR_ratio (GE/iid): 1.026
  Evaluating p=0.10...
    iid rho=0.0358, ΔR=0.0069
    GE  rho=0.0357, ΔR=0.0071
    Run length: geom_pred=0.11 GE_obs=1.35 ratio=12.13x
    ΔR_ratio (GE/iid): 1.025
  Evaluating p=0.20...
    iid rho=0.0272, ΔR=0.0155
    GE  rho=0.0268, ΔR=0.0159
    Run length: geom_pred=0.25 GE_obs=1.54 ratio=6.15x
    ΔR_ratio (GE/iid): 1.025

[2/5] Case=118 Seed=1 (01:40:57)
  Training (140,488 params)...
  Evaluating p=0.05...
    iid rho=0.0394, ΔR=0.0033
    GE  rho=0.0394, ΔR=0.0034
    Run length: geom_pred=0.05 GE_obs=1.06 ratio=20.05x
    ΔR_ratio (GE/iid): 1.025
  Evaluating p=0.10...
    iid rho=0.0358, ΔR=0.0069
    GE  rho=0.0357, ΔR=0.0070
    Run length: geom_pred=0.11 GE_obs=1.32 ratio=11.85x
    ΔR_ratio (GE/iid): 1.016
  Evaluating p=0.20...
    iid rho=0.0272, ΔR=0.0155
    GE  rho=0.0268, ΔR=0.0159
    Run length: geom_pred=0.25 GE_obs=1.52 ratio=6.06x
    ΔR_ratio (GE/iid): 1.025

[3/5] Case=118 Seed=2 (01:42:07)
  Training (140,488 params)...
  Evaluating p=0.05...
    iid rho=0.0394, ΔR=0.0033
    GE  rho=0.0394, ΔR=0.0034
    Run length: geom_pred=0.05 GE_obs=1.06 ratio=20.23x
    ΔR_ratio (GE/iid): 1.023
  Evaluating p=0.10...
    iid rho=0.0358, ΔR=0.0069
    GE  rho=0.0356, ΔR=0.0071
    Run length: geom_pred=0.11 GE_obs=1.34 ratio=12.02x
    ΔR_ratio (GE/iid): 1.035
  Evaluating p=0.20...
    iid rho=0.0272, ΔR=0.0155
    GE  rho=0.0270, ΔR=0.0157
    Run length: geom_pred=0.25 GE_obs=1.54 ratio=6.18x
    ΔR_ratio (GE/iid): 1.009

[4/5] Case=118 Seed=3 (01:43:18)
  Training (140,488 params)...
  Evaluating p=0.05...
    iid rho=0.0394, ΔR=0.0033
    GE  rho=0.0393, ΔR=0.0034
    Run length: geom_pred=0.05 GE_obs=1.06 ratio=20.19x
    ΔR_ratio (GE/iid): 1.030
  Evaluating p=0.10...
    iid rho=0.0358, ΔR=0.0069
    GE  rho=0.0356, ΔR=0.0071
    Run length: geom_pred=0.11 GE_obs=1.34 ratio=12.02x
    ΔR_ratio (GE/iid): 1.030
  Evaluating p=0.20...
    iid rho=0.0272, ΔR=0.0155
    GE  rho=0.0269, ΔR=0.0158
    Run length: geom_pred=0.25 GE_obs=1.56 ratio=6.22x
    ΔR_ratio (GE/iid): 1.017

[5/5] Case=118 Seed=4 (01:44:26)
  Training (140,488 params)...
  Evaluating p=0.05...
    iid rho=0.0395, ΔR=0.0033
    GE  rho=0.0394, ΔR=0.0033
    Run length: geom_pred=0.05 GE_obs=1.06 ratio=20.08x
    ΔR_ratio (GE/iid): 1.020
  Evaluating p=0.10...
    iid rho=0.0359, ΔR=0.0069
    GE  rho=0.0358, ΔR=0.0070
    Run length: geom_pred=0.11 GE_obs=1.34 ratio=12.03x
    ΔR_ratio (GE/iid): 1.014
  Evaluating p=0.20...
    iid rho=0.0272, ΔR=0.0155
    GE  rho=0.0270, ΔR=0.0157
    Run length: geom_pred=0.25 GE_obs=1.53 ratio=6.13x
    ΔR_ratio (GE/iid): 1.013

======================================================================
BURST LOSS SUMMARY: ΔR ratio (GE / i.i.d.) at matched mean loss rate
  Case     p    GE ΔR    iid ΔR   Ratio   GE run   Geom
======================================================================
   118  0.05   0.0034    0.0033   1.025     1.06   0.05
   118  0.10   0.0071    0.0069   1.024     1.33   0.11
   118  0.20   0.0158    0.0155   1.018     1.54   0.25

Note: Ratio ≥ 1.0 confirms i.i.d. bound is CONSERVATIVE under burst loss.
Full results: results/burstloss/bl_118.json

