Note: torch_geometric not available. Using fallback GNN implementation.
Device: cuda
GPU: NVIDIA GeForce RTX 3090

[1/51] Case=1354 Seed=0 alpha=0.1 (01:39:53)
  rho=0.0540 [ΔK:35.06% ΔR:58.25% ΔJ:6.69%]

[2/51] Case=1354 Seed=0 alpha=0.5 (01:40:52)
  rho=0.0540 [ΔK:35.06% ΔR:58.25% ΔJ:6.69%]

[3/51] Case=1354 Seed=0 alpha=1.0 (01:41:52)
  rho=0.0540 [ΔK:35.06% ΔR:58.25% ΔJ:6.69%]

[4/51] Case=1354 Seed=0 alpha=2.0 (01:42:52)
  rho=0.0540 [ΔK:35.06% ΔR:58.25% ΔJ:6.69%]

[5/51] Case=1354 Seed=0 alpha=5.0 (01:43:51)
  rho=0.0540 [ΔK:35.06% ΔR:58.25% ΔJ:6.69%]

[6/51] Case=1354 Seed=0 beta=0.1 (01:44:51)
  rho=0.0540 [ΔK:35.06% ΔR:58.25% ΔJ:6.69%]

[7/51] Case=1354 Seed=0 beta=0.5 (01:45:49)
  rho=0.0540 [ΔK:35.06% ΔR:58.25% ΔJ:6.69%]

[8/51] Case=1354 Seed=0 beta=1.0 (01:46:49)
  rho=0.0540 [ΔK:35.06% ΔR:58.25% ΔJ:6.69%]

[9/51] Case=1354 Seed=0 beta=2.0 (01:47:47)
  rho=0.0540 [ΔK:35.06% ΔR:58.25% ΔJ:6.69%]

[10/51] Case=1354 Seed=0 s=0.7 (01:48:43)
  rho=0.0585 [ΔK:35.06% ΔR:58.25% ΔJ:6.69%]

[11/51] Case=1354 Seed=0 s=0.8 (01:49:40)
  rho=0.0562 [ΔK:35.06% ΔR:58.25% ΔJ:6.69%]

[12/51] Case=1354 Seed=0 s=0.9 (01:50:35)
  rho=0.0540 [ΔK:35.06% ΔR:58.25% ΔJ:6.69%]

[13/51] Case=1354 Seed=0 s=0.95 (01:51:31)
  rho=0.0528 [ΔK:35.06% ΔR:58.25% ΔJ:6.69%]

[14/51] Case=1354 Seed=0 budget=50-30-20 (01:52:27)
  rho=0.0540 [ΔK:35.06% ΔR:58.25% ΔJ:6.69%]

[15/51] Case=1354 Seed=0 budget=70-20-10 (01:53:23)
  rho=0.0558 [ΔK:53.72% ΔR:42.62% ΔJ:3.66%]

[16/51] Case=1354 Seed=0 budget=40-40-20 (01:54:20)
  rho=0.0514 [ΔK:24.99% ΔR:69.04% ΔJ:5.96%]

[17/51] Case=1354 Seed=0 budget=33-33-34 (01:55:16)
  rho=0.0542 [ΔK:23.50% ΔR:64.98% ΔJ:11.52%]

[18/51] Case=1354 Seed=1 alpha=0.1 (01:56:17)
  rho=0.0543 [ΔK:35.76% ΔR:57.84% ΔJ:6.40%]

[19/51] Case=1354 Seed=1 alpha=0.5 (01:57:15)
  rho=0.0543 [ΔK:35.76% ΔR:57.84% ΔJ:6.40%]

[20/51] Case=1354 Seed=1 alpha=1.0 (01:58:11)
  rho=0.0543 [ΔK:35.76% ΔR:57.84% ΔJ:6.40%]

[21/51] Case=1354 Seed=1 alpha=2.0 (01:59:08)
  rho=0.0543 [ΔK:35.76% ΔR:57.84% ΔJ:6.40%]

[22/51] Case=1354 Seed=1 alpha=5.0 (02:00:05)
  rho=0.0543 [ΔK:35.76% ΔR:57.84% ΔJ:6.40%]

[23/51] Case=1354 Seed=1 beta=0.1 (02:01:03)
  rho=0.0543 [ΔK:35.76% ΔR:57.84% ΔJ:6.40%]

[24/51] Case=1354 Seed=1 beta=0.5 (02:02:03)
  rho=0.0543 [ΔK:35.76% ΔR:57.84% ΔJ:6.40%]

[25/51] Case=1354 Seed=1 beta=1.0 (02:03:00)
  rho=0.0543 [ΔK:35.76% ΔR:57.84% ΔJ:6.40%]

[26/51] Case=1354 Seed=1 beta=2.0 (02:03:57)
  rho=0.0543 [ΔK:35.76% ΔR:57.84% ΔJ:6.40%]

[27/51] Case=1354 Seed=1 s=0.7 (02:04:54)
  rho=0.0587 [ΔK:35.76% ΔR:57.84% ΔJ:6.40%]

[28/51] Case=1354 Seed=1 s=0.8 (02:05:51)
  rho=0.0565 [ΔK:35.76% ΔR:57.84% ΔJ:6.40%]

[29/51] Case=1354 Seed=1 s=0.9 (02:06:49)
  rho=0.0543 [ΔK:35.76% ΔR:57.84% ΔJ:6.40%]

[30/51] Case=1354 Seed=1 s=0.95 (02:07:46)
  rho=0.0532 [ΔK:35.76% ΔR:57.84% ΔJ:6.40%]

[31/51] Case=1354 Seed=1 budget=50-30-20 (02:08:42)
  rho=0.0543 [ΔK:35.76% ΔR:57.84% ΔJ:6.40%]

[32/51] Case=1354 Seed=1 budget=70-20-10 (02:09:38)
  rho=0.0560 [ΔK:54.45% ΔR:42.07% ΔJ:3.49%]

[33/51] Case=1354 Seed=1 budget=40-40-20 (02:10:35)
  rho=0.0519 [ΔK:25.55% ΔR:68.73% ΔJ:5.72%]

[34/51] Case=1354 Seed=1 budget=33-33-34 (02:11:30)
  rho=0.0547 [ΔK:24.09% ΔR:64.83% ΔJ:11.08%]

[35/51] Case=1354 Seed=2 alpha=0.1 (02:12:25)
  rho=0.0544 [ΔK:35.99% ΔR:57.51% ΔJ:6.50%]

[36/51] Case=1354 Seed=2 alpha=0.5 (02:13:17)
  rho=0.0544 [ΔK:35.99% ΔR:57.51% ΔJ:6.50%]

[37/51] Case=1354 Seed=2 alpha=1.0 (02:14:08)
  rho=0.0544 [ΔK:35.99% ΔR:57.51% ΔJ:6.50%]

[38/51] Case=1354 Seed=2 alpha=2.0 (02:15:00)
  rho=0.0544 [ΔK:35.99% ΔR:57.51% ΔJ:6.50%]

[39/51] Case=1354 Seed=2 alpha=5.0 (02:15:52)
  rho=0.0544 [ΔK:35.99% ΔR:57.51% ΔJ:6.50%]

[40/51] Case=1354 Seed=2 beta=0.1 (02:16:44)
  rho=0.0544 [ΔK:35.99% ΔR:57.51% ΔJ:6.50%]

[41/51] Case=1354 Seed=2 beta=0.5 (02:17:38)
  rho=0.0544 [ΔK:35.99% ΔR:57.51% ΔJ:6.50%]

[42/51] Case=1354 Seed=2 beta=1.0 (02:18:30)
  rho=0.0544 [ΔK:35.99% ΔR:57.51% ΔJ:6.50%]

[43/51] Case=1354 Seed=2 beta=2.0 (02:19:20)
  rho=0.0544 [ΔK:35.99% ΔR:57.51% ΔJ:6.50%]

[44/51] Case=1354 Seed=2 s=0.7 (02:20:11)
  rho=0.0588 [ΔK:35.99% ΔR:57.51% ΔJ:6.50%]

[45/51] Case=1354 Seed=2 s=0.8 (02:21:02)
  rho=0.0566 [ΔK:35.99% ΔR:57.51% ΔJ:6.50%]

[46/51] Case=1354 Seed=2 s=0.9 (02:21:52)
  rho=0.0544 [ΔK:35.99% ΔR:57.51% ΔJ:6.50%]

[47/51] Case=1354 Seed=2 s=0.95 (02:22:43)
  rho=0.0533 [ΔK:35.99% ΔR:57.51% ΔJ:6.50%]

[48/51] Case=1354 Seed=2 budget=50-30-20 (02:23:35)
  rho=0.0544 [ΔK:35.99% ΔR:57.51% ΔJ:6.50%]

[49/51] Case=1354 Seed=2 budget=70-20-10 (02:24:26)
  rho=0.0561 [ΔK:54.70% ΔR:41.77% ΔJ:3.53%]

[50/51] Case=1354 Seed=2 budget=40-40-20 (02:25:17)
  rho=0.0520 [ΔK:25.76% ΔR:68.42% ΔJ:5.82%]

[51/51] Case=1354 Seed=2 budget=33-33-34 (02:26:08)
  rho=0.0548 [ΔK:24.25% ΔR:64.48% ΔJ:11.27%]

======================================================================
EMPIRICAL EROSION FRACTIONS (default 50/30/20, seed avg)
  Case      ΔK%      ΔR%      ΔJ%      rho
======================================================================
  1354    35.6%    57.9%     6.5%   0.0542

Full results: results/hyperparam/hp_1354.json

