Note: torch_geometric not available. Using fallback GNN implementation.
Device: cuda
GPU: NVIDIA GeForce RTX 3090

[1/51] Case=118 Seed=0 alpha=0.1 (01:39:44)
  rho=0.0357 [ΔK:36.77% ΔR:57.02% ΔJ:6.21%]

[2/51] Case=118 Seed=0 alpha=0.5 (01:40:27)
  rho=0.0357 [ΔK:36.77% ΔR:57.02% ΔJ:6.21%]

[3/51] Case=118 Seed=0 alpha=1.0 (01:41:04)
  rho=0.0357 [ΔK:36.77% ΔR:57.02% ΔJ:6.21%]

[4/51] Case=118 Seed=0 alpha=2.0 (01:41:41)
  rho=0.0357 [ΔK:36.77% ΔR:57.02% ΔJ:6.21%]

[5/51] Case=118 Seed=0 alpha=5.0 (01:42:22)
  rho=0.0357 [ΔK:36.77% ΔR:57.02% ΔJ:6.21%]

[6/51] Case=118 Seed=0 beta=0.1 (01:43:00)
  rho=0.0357 [ΔK:36.77% ΔR:57.02% ΔJ:6.21%]

[7/51] Case=118 Seed=0 beta=0.5 (01:43:37)
  rho=0.0357 [ΔK:36.77% ΔR:57.02% ΔJ:6.21%]

[8/51] Case=118 Seed=0 beta=1.0 (01:44:16)
  rho=0.0357 [ΔK:36.77% ΔR:57.02% ΔJ:6.21%]

[9/51] Case=118 Seed=0 beta=2.0 (01:44:55)
  rho=0.0357 [ΔK:36.77% ΔR:57.02% ΔJ:6.21%]

[10/51] Case=118 Seed=0 s=0.7 (01:45:32)
  rho=0.0386 [ΔK:36.77% ΔR:57.02% ΔJ:6.21%]

[11/51] Case=118 Seed=0 s=0.8 (01:46:11)
  rho=0.0371 [ΔK:36.77% ΔR:57.02% ΔJ:6.21%]

[12/51] Case=118 Seed=0 s=0.9 (01:46:48)
  rho=0.0357 [ΔK:36.77% ΔR:57.02% ΔJ:6.21%]

[13/51] Case=118 Seed=0 s=0.95 (01:47:27)
  rho=0.0349 [ΔK:36.77% ΔR:57.02% ΔJ:6.21%]

[14/51] Case=118 Seed=0 budget=50-30-20 (01:48:05)
  rho=0.0357 [ΔK:36.77% ΔR:57.02% ΔJ:6.21%]

[15/51] Case=118 Seed=0 budget=70-20-10 (01:48:43)
  rho=0.0368 [ΔK:55.21% ΔR:41.43% ΔJ:3.37%]

[16/51] Case=118 Seed=0 budget=40-40-20 (01:49:20)
  rho=0.0341 [ΔK:26.54% ΔR:67.87% ΔJ:5.59%]

[17/51] Case=118 Seed=0 budget=33-33-34 (01:49:57)
  rho=0.0359 [ΔK:25.05% ΔR:64.19% ΔJ:10.77%]

[18/51] Case=118 Seed=1 alpha=0.1 (01:50:36)
  rho=0.0353 [ΔK:35.36% ΔR:57.96% ΔJ:6.69%]

[19/51] Case=118 Seed=1 alpha=0.5 (01:51:15)
  rho=0.0353 [ΔK:35.36% ΔR:57.96% ΔJ:6.69%]

[20/51] Case=118 Seed=1 alpha=1.0 (01:51:53)
  rho=0.0353 [ΔK:35.36% ΔR:57.96% ΔJ:6.69%]

[21/51] Case=118 Seed=1 alpha=2.0 (01:52:30)
  rho=0.0353 [ΔK:35.36% ΔR:57.96% ΔJ:6.69%]

[22/51] Case=118 Seed=1 alpha=5.0 (01:53:09)
  rho=0.0353 [ΔK:35.36% ΔR:57.96% ΔJ:6.69%]

[23/51] Case=118 Seed=1 beta=0.1 (01:53:47)
  rho=0.0353 [ΔK:35.36% ΔR:57.96% ΔJ:6.69%]

[24/51] Case=118 Seed=1 beta=0.5 (01:54:25)
  rho=0.0353 [ΔK:35.36% ΔR:57.96% ΔJ:6.69%]

[25/51] Case=118 Seed=1 beta=1.0 (01:55:02)
  rho=0.0353 [ΔK:35.36% ΔR:57.96% ΔJ:6.69%]

[26/51] Case=118 Seed=1 beta=2.0 (01:55:40)
  rho=0.0353 [ΔK:35.36% ΔR:57.96% ΔJ:6.69%]

[27/51] Case=118 Seed=1 s=0.7 (01:56:18)
  rho=0.0383 [ΔK:35.36% ΔR:57.96% ΔJ:6.69%]

[28/51] Case=118 Seed=1 s=0.8 (01:56:57)
  rho=0.0368 [ΔK:35.36% ΔR:57.96% ΔJ:6.69%]

[29/51] Case=118 Seed=1 s=0.9 (01:57:34)
  rho=0.0353 [ΔK:35.36% ΔR:57.96% ΔJ:6.69%]

[30/51] Case=118 Seed=1 s=0.95 (01:58:12)
  rho=0.0346 [ΔK:35.36% ΔR:57.96% ΔJ:6.69%]

[31/51] Case=118 Seed=1 budget=50-30-20 (01:58:50)
  rho=0.0353 [ΔK:35.36% ΔR:57.96% ΔJ:6.69%]

[32/51] Case=118 Seed=1 budget=70-20-10 (01:59:27)
  rho=0.0366 [ΔK:53.72% ΔR:42.64% ΔJ:3.64%]

[33/51] Case=118 Seed=1 budget=40-40-20 (02:00:05)
  rho=0.0336 [ΔK:25.42% ΔR:68.56% ΔJ:6.02%]

[34/51] Case=118 Seed=1 budget=33-33-34 (02:00:43)
  rho=0.0355 [ΔK:23.84% ΔR:64.65% ΔJ:11.52%]

[35/51] Case=118 Seed=2 alpha=0.1 (02:01:26)
  rho=0.0353 [ΔK:35.50% ΔR:58.36% ΔJ:6.13%]

[36/51] Case=118 Seed=2 alpha=0.5 (02:02:04)
  rho=0.0353 [ΔK:35.50% ΔR:58.36% ΔJ:6.13%]

[37/51] Case=118 Seed=2 alpha=1.0 (02:02:41)
  rho=0.0353 [ΔK:35.50% ΔR:58.36% ΔJ:6.13%]

[38/51] Case=118 Seed=2 alpha=2.0 (02:03:19)
  rho=0.0353 [ΔK:35.50% ΔR:58.36% ΔJ:6.13%]

[39/51] Case=118 Seed=2 alpha=5.0 (02:03:57)
  rho=0.0353 [ΔK:35.50% ΔR:58.36% ΔJ:6.13%]

[40/51] Case=118 Seed=2 beta=0.1 (02:04:34)
  rho=0.0353 [ΔK:35.50% ΔR:58.36% ΔJ:6.13%]

[41/51] Case=118 Seed=2 beta=0.5 (02:05:12)
  rho=0.0353 [ΔK:35.50% ΔR:58.36% ΔJ:6.13%]

[42/51] Case=118 Seed=2 beta=1.0 (02:05:49)
  rho=0.0353 [ΔK:35.50% ΔR:58.36% ΔJ:6.13%]

[43/51] Case=118 Seed=2 beta=2.0 (02:06:27)
  rho=0.0353 [ΔK:35.50% ΔR:58.36% ΔJ:6.13%]

[44/51] Case=118 Seed=2 s=0.7 (02:07:07)
  rho=0.0383 [ΔK:35.50% ΔR:58.36% ΔJ:6.13%]

[45/51] Case=118 Seed=2 s=0.8 (02:07:45)
  rho=0.0368 [ΔK:35.50% ΔR:58.36% ΔJ:6.13%]

[46/51] Case=118 Seed=2 s=0.9 (02:08:23)
  rho=0.0353 [ΔK:35.50% ΔR:58.36% ΔJ:6.13%]

[47/51] Case=118 Seed=2 s=0.95 (02:09:00)
  rho=0.0345 [ΔK:35.50% ΔR:58.36% ΔJ:6.13%]

[48/51] Case=118 Seed=2 budget=50-30-20 (02:09:37)
  rho=0.0353 [ΔK:35.50% ΔR:58.36% ΔJ:6.13%]

[49/51] Case=118 Seed=2 budget=70-20-10 (02:10:15)
  rho=0.0365 [ΔK:53.89% ΔR:42.76% ΔJ:3.35%]

[50/51] Case=118 Seed=2 budget=40-40-20 (02:10:53)
  rho=0.0335 [ΔK:25.45% ΔR:69.05% ΔJ:5.51%]

[51/51] Case=118 Seed=2 budget=33-33-34 (02:11:29)
  rho=0.0355 [ΔK:24.03% ΔR:65.42% ΔJ:10.55%]

======================================================================
EMPIRICAL EROSION FRACTIONS (default 50/30/20, seed avg)
  Case      ΔK%      ΔR%      ΔJ%      rho
======================================================================
   118    35.9%    57.8%     6.3%   0.0354

Full results: results/hyperparam/hp_118.json

