Note: torch_geometric not available. Using fallback GNN implementation.
Device: cuda
GPU: NVIDIA GeForce RTX 3090

[1/51] Case=39 Seed=0 alpha=0.1 (01:39:40)
  rho=0.0251 [ΔK:42.81% ΔR:50.13% ΔJ:7.07%]

[2/51] Case=39 Seed=0 alpha=0.5 (01:40:27)
  rho=0.0251 [ΔK:42.81% ΔR:50.13% ΔJ:7.07%]

[3/51] Case=39 Seed=0 alpha=1.0 (01:41:03)
  rho=0.0251 [ΔK:42.81% ΔR:50.13% ΔJ:7.07%]

[4/51] Case=39 Seed=0 alpha=2.0 (01:41:40)
  rho=0.0251 [ΔK:42.81% ΔR:50.13% ΔJ:7.07%]

[5/51] Case=39 Seed=0 alpha=5.0 (01:42:19)
  rho=0.0251 [ΔK:42.81% ΔR:50.13% ΔJ:7.07%]

[6/51] Case=39 Seed=0 beta=0.1 (01:42:56)
  rho=0.0251 [ΔK:42.81% ΔR:50.13% ΔJ:7.07%]

[7/51] Case=39 Seed=0 beta=0.5 (01:43:32)
  rho=0.0251 [ΔK:42.81% ΔR:50.13% ΔJ:7.07%]

[8/51] Case=39 Seed=0 beta=1.0 (01:44:10)
  rho=0.0251 [ΔK:42.81% ΔR:50.13% ΔJ:7.07%]

[9/51] Case=39 Seed=0 beta=2.0 (01:44:49)
  rho=0.0251 [ΔK:42.81% ΔR:50.13% ΔJ:7.07%]

[10/51] Case=39 Seed=0 s=0.7 (01:45:26)
  rho=0.0270 [ΔK:42.81% ΔR:50.13% ΔJ:7.07%]

[11/51] Case=39 Seed=0 s=0.8 (01:46:04)
  rho=0.0261 [ΔK:42.81% ΔR:50.13% ΔJ:7.07%]

[12/51] Case=39 Seed=0 s=0.9 (01:46:41)
  rho=0.0251 [ΔK:42.81% ΔR:50.13% ΔJ:7.07%]

[13/51] Case=39 Seed=0 s=0.95 (01:47:18)
  rho=0.0246 [ΔK:42.81% ΔR:50.13% ΔJ:7.07%]

[14/51] Case=39 Seed=0 budget=50-30-20 (01:47:54)
  rho=0.0251 [ΔK:42.81% ΔR:50.13% ΔJ:7.07%]

[15/51] Case=39 Seed=0 budget=70-20-10 (01:48:31)
  rho=0.0258 [ΔK:59.53% ΔR:36.67% ΔJ:3.80%]

[16/51] Case=39 Seed=0 budget=40-40-20 (01:49:07)
  rho=0.0240 [ΔK:33.27% ΔR:59.99% ΔJ:6.73%]

[17/51] Case=39 Seed=0 budget=33-33-34 (01:49:43)
  rho=0.0252 [ΔK:31.14% ΔR:56.83% ΔJ:12.03%]

[18/51] Case=39 Seed=1 alpha=0.1 (01:50:19)
  rho=0.0244 [ΔK:39.86% ΔR:53.57% ΔJ:6.58%]

[19/51] Case=39 Seed=1 alpha=0.5 (01:50:56)
  rho=0.0244 [ΔK:39.86% ΔR:53.57% ΔJ:6.58%]

[20/51] Case=39 Seed=1 alpha=1.0 (01:51:33)
  rho=0.0244 [ΔK:39.86% ΔR:53.57% ΔJ:6.58%]

[21/51] Case=39 Seed=1 alpha=2.0 (01:52:10)
  rho=0.0244 [ΔK:39.86% ΔR:53.57% ΔJ:6.58%]

[22/51] Case=39 Seed=1 alpha=5.0 (01:52:46)
  rho=0.0244 [ΔK:39.86% ΔR:53.57% ΔJ:6.58%]

[23/51] Case=39 Seed=1 beta=0.1 (01:53:23)
  rho=0.0244 [ΔK:39.86% ΔR:53.57% ΔJ:6.58%]

[24/51] Case=39 Seed=1 beta=0.5 (01:54:00)
  rho=0.0244 [ΔK:39.86% ΔR:53.57% ΔJ:6.58%]

[25/51] Case=39 Seed=1 beta=1.0 (01:54:37)
  rho=0.0244 [ΔK:39.86% ΔR:53.57% ΔJ:6.58%]

[26/51] Case=39 Seed=1 beta=2.0 (01:55:14)
  rho=0.0244 [ΔK:39.86% ΔR:53.57% ΔJ:6.58%]

[27/51] Case=39 Seed=1 s=0.7 (01:55:51)
  rho=0.0265 [ΔK:39.86% ΔR:53.57% ΔJ:6.58%]

[28/51] Case=39 Seed=1 s=0.8 (01:56:28)
  rho=0.0255 [ΔK:39.86% ΔR:53.57% ΔJ:6.58%]

[29/51] Case=39 Seed=1 s=0.9 (01:57:05)
  rho=0.0244 [ΔK:39.86% ΔR:53.57% ΔJ:6.58%]

[30/51] Case=39 Seed=1 s=0.95 (01:57:40)
  rho=0.0239 [ΔK:39.86% ΔR:53.57% ΔJ:6.58%]

[31/51] Case=39 Seed=1 budget=50-30-20 (01:58:17)
  rho=0.0244 [ΔK:39.86% ΔR:53.57% ΔJ:6.58%]

[32/51] Case=39 Seed=1 budget=70-20-10 (01:58:53)
  rho=0.0253 [ΔK:56.83% ΔR:39.62% ΔJ:3.55%]

[33/51] Case=39 Seed=1 budget=40-40-20 (01:59:29)
  rho=0.0232 [ΔK:30.37% ΔR:63.42% ΔJ:6.21%]

[34/51] Case=39 Seed=1 budget=33-33-34 (02:00:06)
  rho=0.0245 [ΔK:28.51% ΔR:60.34% ΔJ:11.15%]

[35/51] Case=39 Seed=2 alpha=0.1 (02:00:43)
  rho=0.0253 [ΔK:43.74% ΔR:47.93% ΔJ:8.33%]

[36/51] Case=39 Seed=2 alpha=0.5 (02:01:22)
  rho=0.0253 [ΔK:43.74% ΔR:47.93% ΔJ:8.33%]

[37/51] Case=39 Seed=2 alpha=1.0 (02:01:59)
  rho=0.0253 [ΔK:43.74% ΔR:47.93% ΔJ:8.33%]

[38/51] Case=39 Seed=2 alpha=2.0 (02:02:35)
  rho=0.0253 [ΔK:43.74% ΔR:47.93% ΔJ:8.33%]

[39/51] Case=39 Seed=2 alpha=5.0 (02:03:11)
  rho=0.0253 [ΔK:43.74% ΔR:47.93% ΔJ:8.33%]

[40/51] Case=39 Seed=2 beta=0.1 (02:03:47)
  rho=0.0253 [ΔK:43.74% ΔR:47.93% ΔJ:8.33%]

[41/51] Case=39 Seed=2 beta=0.5 (02:04:23)
  rho=0.0253 [ΔK:43.74% ΔR:47.93% ΔJ:8.33%]

[42/51] Case=39 Seed=2 beta=1.0 (02:05:00)
  rho=0.0253 [ΔK:43.74% ΔR:47.93% ΔJ:8.33%]

[43/51] Case=39 Seed=2 beta=2.0 (02:05:36)
  rho=0.0253 [ΔK:43.74% ΔR:47.93% ΔJ:8.33%]

[44/51] Case=39 Seed=2 s=0.7 (02:06:12)
  rho=0.0272 [ΔK:43.74% ΔR:47.93% ΔJ:8.33%]

[45/51] Case=39 Seed=2 s=0.8 (02:06:49)
  rho=0.0262 [ΔK:43.74% ΔR:47.93% ΔJ:8.33%]

[46/51] Case=39 Seed=2 s=0.9 (02:07:27)
  rho=0.0253 [ΔK:43.74% ΔR:47.93% ΔJ:8.33%]

[47/51] Case=39 Seed=2 s=0.95 (02:08:03)
  rho=0.0248 [ΔK:43.74% ΔR:47.93% ΔJ:8.33%]

[48/51] Case=39 Seed=2 budget=50-30-20 (02:08:39)
  rho=0.0253 [ΔK:43.74% ΔR:47.93% ΔJ:8.33%]

[49/51] Case=39 Seed=2 budget=70-20-10 (02:09:15)
  rho=0.0259 [ΔK:60.67% ΔR:34.94% ΔJ:4.39%]

[50/51] Case=39 Seed=2 budget=40-40-20 (02:09:52)
  rho=0.0243 [ΔK:34.28% ΔR:57.74% ΔJ:7.98%]

[51/51] Case=39 Seed=2 budget=33-33-34 (02:10:28)
  rho=0.0254 [ΔK:31.71% ΔR:54.07% ΔJ:14.21%]

======================================================================
EMPIRICAL EROSION FRACTIONS (default 50/30/20, seed avg)
  Case      ΔK%      ΔR%      ΔJ%      rho
======================================================================
    39    42.1%    50.5%     7.3%   0.0249

Full results: results/hyperparam/hp_39.json

